c:\users\james\desktop\fggc assignment 1  james thompson solution\dx11 framework v3\debug\dx11 framework.bsc
c:\users\james\desktop\fggc assignment 1  james thompson solution\dx11 framework v3\debug\vc120.pdb
c:\users\james\desktop\fggc assignment 1  james thompson solution\dx11 framework v3\debug\vc120.idb
c:\users\james\desktop\fggc assignment 1  james thompson solution\dx11 framework v3\debug\appearance.sbr
c:\users\james\desktop\fggc assignment 1  james thompson solution\dx11 framework v3\debug\application.sbr
c:\users\james\desktop\fggc assignment 1  james thompson solution\dx11 framework v3\debug\camera.sbr
c:\users\james\desktop\fggc assignment 1  james thompson solution\dx11 framework v3\debug\ddstextureloader.sbr
c:\users\james\desktop\fggc assignment 1  james thompson solution\dx11 framework v3\debug\dx11 framework.sbr
c:\users\james\desktop\fggc assignment 1  james thompson solution\dx11 framework v3\debug\gameobject.sbr
c:\users\james\desktop\fggc assignment 1  james thompson solution\dx11 framework v3\debug\objloader.sbr
c:\users\james\desktop\fggc assignment 1  james thompson solution\dx11 framework v3\debug\particle.sbr
c:\users\james\desktop\fggc assignment 1  james thompson solution\dx11 framework v3\debug\particlemodel.sbr
c:\users\james\desktop\fggc assignment 1  james thompson solution\dx11 framework v3\debug\particlesystem.sbr
c:\users\james\desktop\fggc assignment 1  james thompson solution\dx11 framework v3\debug\terrain.sbr
c:\users\james\desktop\fggc assignment 1  james thompson solution\dx11 framework v3\debug\transform.sbr
c:\users\james\desktop\fggc assignment 1  james thompson solution\dx11 framework v3\debug\transform.obj
c:\users\james\desktop\fggc assignment 1  james thompson solution\dx11 framework v3\debug\terrain.obj
c:\users\james\desktop\fggc assignment 1  james thompson solution\dx11 framework v3\debug\particlesystem.obj
c:\users\james\desktop\fggc assignment 1  james thompson solution\dx11 framework v3\debug\particlemodel.obj
c:\users\james\desktop\fggc assignment 1  james thompson solution\dx11 framework v3\debug\particle.obj
c:\users\james\desktop\fggc assignment 1  james thompson solution\dx11 framework v3\debug\objloader.obj
c:\users\james\desktop\fggc assignment 1  james thompson solution\dx11 framework v3\debug\gameobject.obj
c:\users\james\desktop\fggc assignment 1  james thompson solution\dx11 framework v3\debug\dx11 framework.obj
c:\users\james\desktop\fggc assignment 1  james thompson solution\dx11 framework v3\debug\ddstextureloader.obj
c:\users\james\desktop\fggc assignment 1  james thompson solution\dx11 framework v3\debug\camera.obj
c:\users\james\desktop\fggc assignment 1  james thompson solution\dx11 framework v3\debug\application.obj
c:\users\james\desktop\fggc assignment 1  james thompson solution\dx11 framework v3\debug\appearance.obj
c:\users\james\desktop\fggc assignment 1  james thompson solution\dx11 framework v3\debug\dx11 framework.ilk
c:\users\james\desktop\fggc assignment 1  james thompson solution\dx11 framework v3\debug\dx11 framework.exe
c:\users\james\desktop\fggc assignment 1  james thompson solution\dx11 framework v3\debug\dx11 framework.pdb
c:\users\james\desktop\fggc assignment 1  james thompson solution\dx11 framework v3\debug\dx11 framework.res
c:\users\james\desktop\fggc assignment 2 plane framework\dx11 framework v3\debug\appearance.obj
c:\users\james\desktop\fggc assignment 2 plane framework\dx11 framework v3\debug\application.obj
c:\users\james\desktop\fggc assignment 2 plane framework\dx11 framework v3\debug\camera.obj
c:\users\james\desktop\fggc assignment 2 plane framework\dx11 framework v3\debug\ddstextureloader.obj
c:\users\james\desktop\fggc assignment 2 plane framework\dx11 framework v3\debug\dx11 framework.obj
c:\users\james\desktop\fggc assignment 2 plane framework\dx11 framework v3\debug\gameobject.obj
c:\users\james\desktop\fggc assignment 2 plane framework\dx11 framework v3\debug\objloader.obj
c:\users\james\desktop\fggc assignment 2 plane framework\dx11 framework v3\debug\particle.obj
c:\users\james\desktop\fggc assignment 2 plane framework\dx11 framework v3\debug\particlemodel.obj
c:\users\james\desktop\fggc assignment 2 plane framework\dx11 framework v3\debug\particlesystem.obj
c:\users\james\desktop\fggc assignment 2 plane framework\dx11 framework v3\debug\terrain.obj
c:\users\james\desktop\fggc assignment 2 plane framework\dx11 framework v3\debug\transform.obj
c:\users\james\desktop\fggc assignment 2 plane framework\dx11 framework v3\debug\dx11 framework.ilk
c:\users\james\desktop\fggc assignment 2 plane framework\dx11 framework v3\debug\dx11 framework.res
c:\users\james\desktop\fggc assignment 2 plane framework\dx11 framework v3\debug\vc120.idb
c:\users\james\desktop\fggc assignment 2 plane framework\dx11 framework v3\debug\dx11 framework.pdb
c:\users\james\desktop\fggc assignment 2 plane framework\dx11 framework v3\debug\vc120.pdb
c:\users\james\desktop\fggc assignment 2 plane framework\dx11 framework v3\debug\dx11 framework.bsc
c:\users\james\desktop\fggc assignment 2 plane framework\dx11 framework v3\debug\appearance.sbr
c:\users\james\desktop\fggc assignment 2 plane framework\dx11 framework v3\debug\application.sbr
c:\users\james\desktop\fggc assignment 2 plane framework\dx11 framework v3\debug\camera.sbr
c:\users\james\desktop\fggc assignment 2 plane framework\dx11 framework v3\debug\ddstextureloader.sbr
c:\users\james\desktop\fggc assignment 2 plane framework\dx11 framework v3\debug\dx11 framework.sbr
c:\users\james\desktop\fggc assignment 2 plane framework\dx11 framework v3\debug\gameobject.sbr
c:\users\james\desktop\fggc assignment 2 plane framework\dx11 framework v3\debug\objloader.sbr
c:\users\james\desktop\fggc assignment 2 plane framework\dx11 framework v3\debug\particle.sbr
c:\users\james\desktop\fggc assignment 2 plane framework\dx11 framework v3\debug\particlemodel.sbr
c:\users\james\desktop\fggc assignment 2 plane framework\dx11 framework v3\debug\particlesystem.sbr
c:\users\james\desktop\fggc assignment 2 plane framework\dx11 framework v3\debug\terrain.sbr
c:\users\james\desktop\fggc assignment 2 plane framework\dx11 framework v3\debug\transform.sbr
c:\users\james\desktop\fggc assignment 2 plane framework\dx11 framework v3\debug\dx11 framework.exe
c:\users\james\desktop\fggc assignment 2 plane framework\dx11 framework v3\debug\dx11 framework.tlog\bscmake.command.1.tlog
c:\users\james\desktop\fggc assignment 2 plane framework\dx11 framework v3\debug\dx11 framework.tlog\bscmake.read.1.tlog
c:\users\james\desktop\fggc assignment 2 plane framework\dx11 framework v3\debug\dx11 framework.tlog\bscmake.write.1.tlog
c:\users\james\desktop\fggc assignment 2 plane framework\dx11 framework v3\debug\dx11 framework.tlog\cl.command.1.tlog
c:\users\james\desktop\fggc assignment 2 plane framework\dx11 framework v3\debug\dx11 framework.tlog\cl.read.1.tlog
c:\users\james\desktop\fggc assignment 2 plane framework\dx11 framework v3\debug\dx11 framework.tlog\cl.write.1.tlog
c:\users\james\desktop\fggc assignment 2 plane framework\dx11 framework v3\debug\dx11 framework.tlog\link.command.1.tlog
c:\users\james\desktop\fggc assignment 2 plane framework\dx11 framework v3\debug\dx11 framework.tlog\link.read.1.tlog
c:\users\james\desktop\fggc assignment 2 plane framework\dx11 framework v3\debug\dx11 framework.tlog\link.write.1.tlog
c:\users\james\desktop\fggc assignment 2 plane framework\dx11 framework v3\debug\dx11 framework.tlog\rc.command.1.tlog
c:\users\james\desktop\fggc assignment 2 plane framework\dx11 framework v3\debug\dx11 framework.tlog\rc.read.1.tlog
c:\users\james\desktop\fggc assignment 2 plane framework\dx11 framework v3\debug\dx11 framework.tlog\rc.write.1.tlog
